[ffmpeg] http: HTTP error 404 
Failed to open http://ok.ru/videoembed/1524694846054 https://vidlox.me/embed-msqe05e1t3qk https://www.mp4upload.com/embed-mn83ixfldqxy.html https://www.yourupload.com/embed/UJ4k7jB08BrU https://drive.google.com/file/d/1IvvRUfs0Mb74JcsM8NToUHRiaXBnNorU/preview https://sendvid.com/ta70ijy7.
Exiting... (Quit)
[ffmpeg] https: HTTP error 404 Not Found
Failed to open https://wishembed.pro/e/atorqnptajkx https://uqload.com/embed-jhmcc69kqind.html https://wishembed.pro/e/ivuy1df9recy https://streamtape.com/e/Awxo7zypmztXJme https://ok.ru/videoembed/1317785242338.
[ytdl_hook] ERROR: [generic] Unable to download webpage: HTTP Error 404: Not Found (caused by <HTTPError 404: Not Found>); please report this issue on  https://github.com/yt-dlp/yt-dlp/issues?q= , filling out the appropriate issue template. Confirm you are on the latest version using  yt-dlp -U 
[ytdl_hook] youtube-dl failed: unexpected error occurred 
Exiting... (Errors when loading file)
[ffmpeg] https: HTTP error 404 Not Found
Failed to open https://wishembed.pro/e/atorqnptajkx https://uqload.com/embed-jhmcc69kqind.html https://wishembed.pro/e/ivuy1df9recy https://streamtape.com/e/Awxo7zypmztXJme https://ok.ru/videoembed/1317785242338.
[ytdl_hook] ERROR: [generic] Unable to download webpage: HTTP Error 404: Not Found (caused by <HTTPError 404: Not Found>); please report this issue on  https://github.com/yt-dlp/yt-dlp/issues?q= , filling out the appropriate issue template. Confirm you are on the latest version using  yt-dlp -U 
[ytdl_hook] youtube-dl failed: unexpected error occurred 
Exiting... (Errors when loading file)
[ffmpeg] https: HTTP error 404 Not Found
Failed to open https://wishembed.pro/e/atorqnptajkx https://uqload.com/embed-jhmcc69kqind.html https://wishembed.pro/e/ivuy1df9recy https://streamtape.com/e/Awxo7zypmztXJme https://ok.ru/videoembed/1317785242338.
[ytdl_hook] ERROR: [generic] Unable to download webpage: HTTP Error 404: Not Found (caused by <HTTPError 404: Not Found>); please report this issue on  https://github.com/yt-dlp/yt-dlp/issues?q= , filling out the appropriate issue template. Confirm you are on the latest version using  yt-dlp -U 
[ytdl_hook] youtube-dl failed: unexpected error occurred 
Exiting... (Errors when loading file)
[ffmpeg] https: HTTP error 404 Not Found
Failed to open https://wishembed.pro/e/atorqnptajkx https://uqload.com/embed-jhmcc69kqind.html https://wishembed.pro/e/ivuy1df9recy https://streamtape.com/e/Awxo7zypmztXJme https://ok.ru/videoembed/1317785242338.
[ytdl_hook] ERROR: [generic] Unable to download webpage: HTTP Error 404: Not Found (caused by <HTTPError 404: Not Found>); please report this issue on  https://github.com/yt-dlp/yt-dlp/issues?q= , filling out the appropriate issue template. Confirm you are on the latest version using  yt-dlp -U 
[ytdl_hook] youtube-dl failed: unexpected error occurred 
Exiting... (Errors when loading file)
Exiting... (Quit)
Exiting... (Quit)
[ytdl_hook] ERROR: [Odnoklassniki] 1524694846054: The video has been blocked at the copyright owner's request. 
[ytdl_hook] youtube-dl failed: unexpected error occurred 
Failed to recognize file format.
Exiting... (Errors when loading file)
 (+) Video --vid=1 (h264 720x360 24.000fps)
 (+) Audio --aid=1 (aac 2ch 44100Hz)
AO: [pulse] 44100Hz stereo 2ch float
VO: [gpu] 720x360 yuv420p
AV: 00:00:00 / 00:51:30 (0%) A-V:  0.017 Cache: 11s/599KB
AV: 00:00:00 / 00:51:30 (0%) A-V:  0.015 Cache: 11s/598KB
AV: 00:00:00 / 00:51:30 (0%) A-V:  0.014 Cache: 11s/596KB
AV: 00:00:00 / 00:51:30 (0%) A-V:  0.012 Cache: 11s/595KB
AV: 00:00:00 / 00:51:30 (0%) A-V:  0.011 Cache: 10s/592KB
AV: 00:00:00 / 00:51:30 (0%) A-V:  0.010 Cache: 11s/620KB
AV: 00:00:00 / 00:51:30 (0%) A-V:  0.009 Cache: 11s/618KB
AV: 00:00:00 / 00:51:30 (0%) A-V:  0.008 Cache: 11s/617KB
AV: 00:00:00 / 00:51:30 (0%) A-V:  0.007 Cache: 11s/615KB
AV: 00:00:00 / 00:51:30 (0%) A-V:  0.007 Cache: 11s/614KB
AV: 00:00:00 / 00:51:30 (0%) A-V:  0.006 Cache: 11s/611KB
AV: 00:00:00 / 00:51:30 (0%) A-V:  0.005 Cache: 12s/692KB
AV: 00:00:00 / 00:51:30 (0%) A-V:  0.005 Cache: 12s/691KB
AV: 00:00:00 / 00:51:30 (0%) A-V:  0.004 Cache: 12s/689KB
AV: 00:00:00 / 00:51:30 (0%) A-V:  0.004 Cache: 12s/687KB
AV: 00:00:00 / 00:51:30 (0%) A-V:  0.003 Cache: 12s/742KB
AV: 00:00:00 / 00:51:30 (0%) A-V:  0.003 Cache: 12s/741KB
AV: 00:00:00 / 00:51:30 (0%) A-V:  0.003 Cache: 13s/795KB
AV: 00:00:00 / 00:51:30 (0%) A-V:  0.003 Cache: 13s/793KB
AV: 00:00:00 / 00:51:30 (0%) A-V:  0.002 Cache: 14s/847KB
AV: 00:00:00 / 00:51:30 (0%) A-V:  0.002 Cache: 15s/901KB
AV: 00:00:00 / 00:51:30 (0%) A-V:  0.002 Cache: 15s/957KB
AV: 00:00:01 / 00:51:30 (0%) A-V:  0.002 Cache: 18s/1MB
AV: 00:00:01 / 00:51:30 (0%) A-V:  0.002 Cache: 19s/1MB
AV: 00:00:01 / 00:51:30 (0%) A-V:  0.001 Cache: 19s/1MB
AV: 00:00:01 / 00:51:30 (0%) A-V:  0.001 Cache: 25s/1MB
AV: 00:00:01 / 00:51:30 (0%) A-V:  0.001 Cache: 26s/1MB
AV: 00:00:01 / 00:51:30 (0%) A-V:  0.000 Cache: 26s/1MB
AV: 00:00:01 / 00:51:30 (0%) A-V:  0.000 Cache: 27s/1MB
AV: 00:00:02 / 00:51:30 (0%) A-V:  0.000 Cache: 28s/1MB
(Paused) AV: 00:00:02 / 00:51:30 (0%) A-V:  0.000 Cache: 28s/1MB
(Paused) AV: 00:00:02 / 00:51:30 (0%) A-V:  0.000 Cache: 30s/1MB
(Paused) AV: 00:00:02 / 00:51:30 (0%) A-V:  0.000 Cache: 38s/2MB
(Paused) AV: 00:00:02 / 00:51:30 (0%) A-V:  0.000 Cache: 40s/2MB
(Paused) AV: 00:00:02 / 00:51:30 (0%) A-V:  0.000 Cache: 41s/2MB
(Paused) AV: 00:00:02 / 00:51:30 (0%) A-V:  0.000 Cache: 42s/2MB
(Paused) AV: 00:00:02 / 00:51:30 (0%) A-V:  0.000 Cache: 43s/2MB
(Paused) AV: 00:00:02 / 00:51:30 (0%) A-V:  0.000 Cache: 47s/3MB
(Paused) AV: 00:00:02 / 00:51:30 (0%) A-V:  0.000 Cache: 60s/4MB
(Paused) AV: 00:00:02 / 00:51:30 (0%) A-V:  0.000 Cache: 61s/4MB
(Paused) AV: 00:00:02 / 00:51:30 (0%) A-V:  0.000 Cache: 62s/4MB
(Paused) AV: 00:00:02 / 00:51:30 (0%) A-V:  0.000 Cache: 63s/4MB
(Paused) AV: 00:00:02 / 00:51:30 (0%) A-V:  0.000 Cache: 64s/4MB
(Paused) AV: 00:00:02 / 00:51:30 (0%) A-V:  0.000 Cache: 65s/4MB
(Paused) AV: 00:00:02 / 00:51:30 (0%) A-V:  0.000 Cache: 66s/4MB
(Paused) AV: 00:00:02 / 00:51:30 (0%) A-V:  0.000 Cache: 67s/4MB
(Paused) AV: 00:00:02 / 00:51:30 (0%) A-V:  0.000 Cache: 69s/5MB
(Paused) AV: 00:00:02 / 00:51:30 (0%) A-V:  0.000 Cache: 70s/5MB
(Paused) AV: 00:00:02 / 00:51:30 (0%) A-V:  0.000 Cache: 79s/5MB
(Paused) AV: 00:00:02 / 00:51:30 (0%) A-V:  0.000 Cache: 80s/5MB
(Paused) AV: 00:00:02 / 00:51:30 (0%) A-V:  0.000 Cache: 81s/5MB
(Paused) AV: 00:00:02 / 00:51:30 (0%) A-V:  0.000 Cache: 82s/6MB
(Paused) AV: 00:00:02 / 00:51:30 (0%) A-V:  0.000 Cache: 83s/6MB
(Paused) AV: 00:00:02 / 00:51:30 (0%) A-V:  0.000 Cache: 84s/6MB
(Paused) AV: 00:00:02 / 00:51:30 (0%) A-V:  0.000 Cache: 86s/6MB
(Paused) AV: 00:00:02 / 00:51:30 (0%) A-V:  0.000 Cache: 87s/6MB
(Paused) AV: 00:00:02 / 00:51:30 (0%) A-V:  0.000 Cache: 89s/6MB
(Paused) AV: 00:00:02 / 00:51:30 (0%) A-V:  0.000 Cache: 91s/6MB
(Paused) AV: 00:00:02 / 00:51:30 (0%) A-V:  0.000 Cache: 92s/6MB
(Paused) AV: 00:00:02 / 00:51:30 (0%) A-V:  0.000 Cache: 95s/7MB
(Paused) AV: 00:00:02 / 00:51:30 (0%) A-V:  0.000 Cache: 105s/7MB
(Paused) AV: 00:00:02 / 00:51:30 (0%) A-V:  0.000 Cache: 106s/7MB
(Paused) AV: 00:00:02 / 00:51:30 (0%) A-V:  0.000 Cache: 107s/8MB
(Paused) AV: 00:00:02 / 00:51:30 (0%) A-V:  0.000 Cache: 108s/8MB
(Paused) AV: 00:00:02 / 00:51:30 (0%) A-V:  0.000 Cache: 110s/8MB
(Paused) AV: 00:00:02 / 00:51:30 (0%) A-V:  0.000 Cache: 111s/8MB
(Paused) AV: 00:00:02 / 00:51:30 (0%) A-V:  0.000 Cache: 113s/8MB
(Paused) AV: 00:00:02 / 00:51:30 (0%) A-V:  0.000 Cache: 114s/8MB
(Paused) AV: 00:00:02 / 00:51:30 (0%) A-V:  0.000 Cache: 115s/8MB
(Paused) AV: 00:00:02 / 00:51:30 (0%) A-V:  0.000 Cache: 126s/9MB
(Paused) AV: 00:00:02 / 00:51:30 (0%) A-V:  0.000 Cache: 129s/9MB
(Paused) AV: 00:00:02 / 00:51:30 (0%) A-V:  0.000 Cache: 131s/9MB
(Paused) AV: 00:00:02 / 00:51:30 (0%) A-V:  0.000 Cache: 133s/9MB
(Paused) AV: 00:00:02 / 00:51:30 (0%) A-V:  0.000 Cache: 135s/10MB
(Paused) AV: 00:00:02 / 00:51:30 (0%) A-V:  0.000 Cache: 140s/10MB
(Paused) AV: 00:00:02 / 00:51:30 (0%) A-V:  0.000 Cache: 141s/10MB
(Paused) AV: 00:00:02 / 00:51:30 (0%) A-V:  0.000 Cache: 143s/10MB
(Paused) AV: 00:00:02 / 00:51:30 (0%) A-V:  0.000 Cache: 145s/10MB
(Paused) AV: 00:00:02 / 00:51:30 (0%) A-V:  0.000 Cache: 147s/10MB
(Paused) AV: 00:00:02 / 00:51:30 (0%) A-V:  0.000 Cache: 150s/11MB
(Paused) AV: 00:00:02 / 00:51:30 (0%) A-V:  0.000 Cache: 157s/11MB
(Paused) AV: 00:00:02 / 00:51:30 (0%) A-V:  0.000 Cache: 161s/11MB
(Paused) AV: 00:00:02 / 00:51:30 (0%) A-V:  0.000 Cache: 165s/12MB
(Paused) AV: 00:00:02 / 00:51:30 (0%) A-V:  0.000 Cache: 169s/12MB
(Paused) AV: 00:00:02 / 00:51:30 (0%) A-V:  0.000 Cache: 184s/13MB
(Paused) AV: 00:00:02 / 00:51:30 (0%) A-V:  0.000 Cache: 187s/13MB
(Paused) AV: 00:00:02 / 00:51:30 (0%) A-V:  0.000 Cache: 189s/13MB
(Paused) AV: 00:00:02 / 00:51:30 (0%) A-V:  0.000 Cache: 196s/14MB
(Paused) AV: 00:00:02 / 00:51:30 (0%) A-V:  0.000 Cache: 200s/14MB
(Paused) AV: 00:00:02 / 00:51:30 (0%) A-V:  0.000 Cache: 202s/15MB
(Paused) AV: 00:00:02 / 00:51:30 (0%) A-V:  0.000 Cache: 204s/15MB
(Paused) AV: 00:00:02 / 00:51:30 (0%) A-V:  0.000 Cache: 206s/15MB
(Paused) AV: 00:00:02 / 00:51:30 (0%) A-V:  0.000 Cache: 208s/15MB
(Paused) AV: 00:00:02 / 00:51:30 (0%) A-V:  0.000 Cache: 209s/15MB
(Paused) AV: 00:00:02 / 00:51:30 (0%) A-V:  0.000 Cache: 212s/15MB
(Paused) AV: 00:00:02 / 00:51:30 (0%) A-V:  0.000 Cache: 214s/15MB
(Paused) AV: 00:00:02 / 00:51:30 (0%) A-V:  0.000 Cache: 215s/16MB
(Paused) AV: 00:00:02 / 00:51:30 (0%) A-V:  0.000 Cache: 219s/16MB
(Paused) AV: 00:00:02 / 00:51:30 (0%) A-V:  0.000 Cache: 221s/16MB
(Paused) AV: 00:00:02 / 00:51:30 (0%) A-V:  0.000 Cache: 223s/16MB
(Paused) AV: 00:00:02 / 00:51:30 (0%) A-V:  0.000 Cache: 225s/16MB
(Paused) AV: 00:00:02 / 00:51:30 (0%) A-V:  0.000 Cache: 228s/17MB
(Paused) AV: 00:00:02 / 00:51:30 (0%) A-V:  0.000 Cache: 238s/17MB
(Paused) AV: 00:00:02 / 00:51:30 (0%) A-V:  0.000 Cache: 239s/18MB
(Paused) AV: 00:00:02 / 00:51:30 (0%) A-V:  0.000 Cache: 240s/18MB
(Paused) AV: 00:00:02 / 00:51:30 (0%) A-V:  0.000 Cache: 242s/18MB
(Paused) AV: 00:00:02 / 00:51:30 (0%) A-V:  0.000 Cache: 243s/18MB
(Paused) AV: 00:00:02 / 00:51:30 (0%) A-V:  0.000 Cache: 246s/18MB
(Paused) AV: 00:00:02 / 00:51:30 (0%) A-V:  0.000 Cache: 247s/18MB
(Paused) AV: 00:00:02 / 00:51:30 (0%) A-V:  0.000 Cache: 248s/19MB
(Paused) AV: 00:00:02 / 00:51:30 (0%) A-V:  0.000 Cache: 258s/20MB
(Paused) AV: 00:00:02 / 00:51:30 (0%) A-V:  0.000 Cache: 261s/20MB
(Paused) AV: 00:00:02 / 00:51:30 (0%) A-V:  0.000 Cache: 263s/20MB
(Paused) AV: 00:00:02 / 00:51:30 (0%) A-V:  0.000 Cache: 265s/20MB
(Paused) AV: 00:00:02 / 00:51:30 (0%) A-V:  0.000 Cache: 267s/20MB
(Paused) AV: 00:00:02 / 00:51:30 (0%) A-V:  0.000 Cache: 271s/21MB
(Paused) AV: 00:00:02 / 00:51:30 (0%) A-V:  0.000 Cache: 274s/21MB
(Paused) AV: 00:00:02 / 00:51:30 (0%) A-V:  0.000 Cache: 285s/21MB
(Paused) AV: 00:00:02 / 00:51:30 (0%) A-V:  0.000 Cache: 288s/22MB
(Paused) AV: 00:00:02 / 00:51:30 (0%) A-V:  0.000 Cache: 294s/22MB
(Paused) AV: 00:00:02 / 00:51:30 (0%) A-V:  0.000 Cache: 305s/23MB
(Paused) AV: 00:00:02 / 00:51:30 (0%) A-V:  0.000 Cache: 307s/23MB
(Paused) AV: 00:00:02 / 00:51:30 (0%) A-V:  0.000 Cache: 311s/23MB
(Paused) AV: 00:00:02 / 00:51:30 (0%) A-V:  0.000 Cache: 318s/24MB
(Paused) AV: 00:00:02 / 00:51:30 (0%) A-V:  0.000 Cache: 319s/24MB
(Paused) AV: 00:00:02 / 00:51:30 (0%) A-V:  0.000 Cache: 322s/24MB
(Paused) AV: 00:00:02 / 00:51:30 (0%) A-V:  0.000 Cache: 327s/24MB
(Paused) AV: 00:00:02 / 00:51:30 (0%) A-V:  0.000 Cache: 333s/25MB
(Paused) AV: 00:00:02 / 00:51:30 (0%) A-V:  0.000 Cache: 334s/25MB
(Paused) AV: 00:00:02 / 00:51:30 (0%) A-V:  0.000 Cache: 338s/25MB
(Paused) AV: 00:00:02 / 00:51:30 (0%) A-V:  0.000 Cache: 350s/26MB
(Paused) AV: 00:00:02 / 00:51:30 (0%) A-V:  0.000 Cache: 352s/26MB
(Paused) AV: 00:00:02 / 00:51:30 (0%) A-V:  0.000 Cache: 354s/26MB
(Paused) AV: 00:00:02 / 00:51:30 (0%) A-V:  0.000 Cache: 360s/27MB
(Paused) AV: 00:00:02 / 00:51:30 (0%) A-V:  0.000 Cache: 362s/27MB
(Paused) AV: 00:00:02 / 00:51:30 (0%) A-V:  0.000 Cache: 366s/27MB
(Paused) AV: 00:00:02 / 00:51:30 (0%) A-V:  0.000 Cache: 367s/27MB
(Paused) AV: 00:00:02 / 00:51:30 (0%) A-V:  0.000 Cache: 369s/28MB
(Paused) AV: 00:00:02 / 00:51:30 (0%) A-V:  0.000 Cache: 382s/29MB
(Paused) AV: 00:00:02 / 00:51:30 (0%) A-V:  0.000 Cache: 385s/29MB
(Paused) AV: 00:00:02 / 00:51:30 (0%) A-V:  0.000 Cache: 387s/29MB
(Paused) AV: 00:00:02 / 00:51:30 (0%) A-V:  0.000 Cache: 390s/29MB
(Paused) AV: 00:00:02 / 00:51:30 (0%) A-V:  0.000 Cache: 393s/29MB
(Paused) AV: 00:00:02 / 00:51:30 (0%) A-V:  0.000 Cache: 406s/30MB
(Paused) AV: 00:00:02 / 00:51:30 (0%) A-V:  0.000 Cache: 408s/30MB
(Paused) AV: 00:00:02 / 00:51:30 (0%) A-V:  0.000 Cache: 415s/31MB
(Paused) AV: 00:00:02 / 00:51:30 (0%) A-V:  0.000 Cache: 417s/31MB
(Paused) AV: 00:00:02 / 00:51:30 (0%) A-V:  0.000 Cache: 419s/31MB
(Paused) AV: 00:00:02 / 00:51:30 (0%) A-V:  0.000 Cache: 426s/32MB
(Paused) AV: 00:00:02 / 00:51:30 (0%) A-V:  0.000 Cache: 427s/32MB
(Paused) AV: 00:00:02 / 00:51:30 (0%) A-V:  0.000 Cache: 428s/32MB
(Paused) AV: 00:00:02 / 00:51:30 (0%) A-V:  0.000 Cache: 434s/33MB
(Paused) AV: 00:00:02 / 00:51:30 (0%) A-V:  0.000 Cache: 435s/33MB
(Paused) AV: 00:00:02 / 00:51:30 (0%) A-V:  0.000 Cache: 438s/33MB
(Paused) AV: 00:00:02 / 00:51:30 (0%) A-V:  0.000 Cache: 440s/34MB
(Paused) AV: 00:00:02 / 00:51:30 (0%) A-V:  0.000 Cache: 449s/34MB
(Paused) AV: 00:00:02 / 00:51:30 (0%) A-V:  0.000 Cache: 451s/34MB
(Paused) AV: 00:00:02 / 00:51:30 (0%) A-V:  0.000 Cache: 454s/35MB
(Paused) AV: 00:00:02 / 00:51:30 (0%) A-V:  0.000 Cache: 457s/35MB
(Paused) AV: 00:00:02 / 00:51:30 (0%) A-V:  0.000 Cache: 464s/36MB
(Paused) AV: 00:00:02 / 00:51:30 (0%) A-V:  0.000 Cache: 465s/36MB
(Paused) AV: 00:00:02 / 00:51:30 (0%) A-V:  0.000 Cache: 468s/36MB
(Paused) AV: 00:00:02 / 00:51:30 (0%) A-V:  0.000 Cache: 469s/36MB
(Paused) AV: 00:00:02 / 00:51:30 (0%) A-V:  0.000 Cache: 470s/36MB
(Paused) AV: 00:00:02 / 00:51:30 (0%) A-V:  0.000 Cache: 471s/36MB
(Paused) AV: 00:00:02 / 00:51:30 (0%) A-V:  0.000 Cache: 484s/38MB
(Paused) AV: 00:00:02 / 00:51:30 (0%) A-V:  0.000 Cache: 485s/38MB
(Paused) AV: 00:00:02 / 00:51:30 (0%) A-V:  0.000 Cache: 487s/38MB
(Paused) AV: 00:00:02 / 00:51:30 (0%) A-V:  0.000 Cache: 491s/38MB
(Paused) AV: 00:00:02 / 00:51:30 (0%) A-V:  0.000 Cache: 492s/39MB
(Paused) AV: 00:00:02 / 00:51:30 (0%) A-V:  0.000 Cache: 493s/39MB
(Paused) AV: 00:00:02 / 00:51:30 (0%) A-V:  0.000 Cache: 494s/39MB
(Paused) AV: 00:00:02 / 00:51:30 (0%) A-V:  0.000 Cache: 496s/39MB
(Paused) AV: 00:00:02 / 00:51:30 (0%) A-V:  0.000 Cache: 497s/39MB
(Paused) AV: 00:00:02 / 00:51:30 (0%) A-V:  0.000 Cache: 498s/39MB
(Paused) AV: 00:00:02 / 00:51:30 (0%) A-V:  0.000 Cache: 500s/40MB
(Paused) AV: 00:00:02 / 00:51:30 (0%) A-V:  0.000 Cache: 511s/41MB
(Paused) AV: 00:00:02 / 00:51:30 (0%) A-V:  0.000 Cache: 516s/41MB
(Paused) AV: 00:00:02 / 00:51:30 (0%) A-V:  0.000 Cache: 518s/41MB
(Paused) AV: 00:00:02 / 00:51:30 (0%) A-V:  0.000 Cache: 520s/42MB
(Paused) AV: 00:00:02 / 00:51:30 (0%) A-V:  0.000 Cache: 522s/42MB
(Paused) AV: 00:00:02 / 00:51:30 (0%) A-V:  0.000 Cache: 524s/42MB
(Paused) AV: 00:00:02 / 00:51:30 (0%) A-V:  0.000 Cache: 526s/42MB
(Paused) AV: 00:00:02 / 00:51:30 (0%) A-V:  0.000 Cache: 527s/42MB
(Paused) AV: 00:00:02 / 00:51:30 (0%) A-V:  0.000 Cache: 529s/42MB
(Paused) AV: 00:00:02 / 00:51:30 (0%) A-V:  0.000 Cache: 540s/44MB
(Paused) AV: 00:00:02 / 00:51:30 (0%) A-V:  0.000 Cache: 542s/44MB
(Paused) AV: 00:00:02 / 00:51:30 (0%) A-V:  0.000 Cache: 544s/44MB
(Paused) AV: 00:00:02 / 00:51:30 (0%) A-V:  0.000 Cache: 546s/44MB
(Paused) AV: 00:00:02 / 00:51:30 (0%) A-V:  0.000 Cache: 548s/44MB
(Paused) AV: 00:00:02 / 00:51:30 (0%) A-V:  0.000 Cache: 558s/45MB
(Paused) AV: 00:00:02 / 00:51:30 (0%) A-V:  0.000 Cache: 563s/46MB
(Paused) AV: 00:00:02 / 00:51:30 (0%) A-V:  0.000 Cache: 566s/46MB
(Paused) AV: 00:00:02 / 00:51:30 (0%) A-V:  0.000 Cache: 570s/46MB
(Paused) AV: 00:00:02 / 00:51:30 (0%) A-V:  0.000 Cache: 572s/46MB
(Paused) AV: 00:00:02 / 00:51:30 (0%) A-V:  0.000 Cache: 583s/47MB
(Paused) AV: 00:00:02 / 00:51:30 (0%) A-V:  0.000 Cache: 588s/47MB
(Paused) AV: 00:00:02 / 00:51:30 (0%) A-V:  0.000 Cache: 590s/48MB
(Paused) AV: 00:00:02 / 00:51:30 (0%) A-V:  0.000 Cache: 591s/48MB
(Paused) AV: 00:00:02 / 00:51:30 (0%) A-V:  0.000 Cache: 604s/49MB
(Paused) AV: 00:00:02 / 00:51:30 (0%) A-V:  0.000 Cache: 608s/49MB
(Paused) AV: 00:00:02 / 00:51:30 (0%) A-V:  0.000 Cache: 611s/49MB
(Paused) AV: 00:00:02 / 00:51:30 (0%) A-V:  0.000 Cache: 612s/49MB
(Paused) AV: 00:00:02 / 00:51:30 (0%) A-V:  0.000 Cache: 615s/50MB
(Paused) AV: 00:00:02 / 00:51:30 (0%) A-V:  0.000 Cache: 620s/50MB
(Paused) AV: 00:00:02 / 00:51:30 (0%) A-V:  0.000 Cache: 623s/50MB
(Paused) AV: 00:00:02 / 00:51:30 (0%) A-V:  0.000 Cache: 626s/50MB
(Paused) AV: 00:00:02 / 00:51:30 (0%) A-V:  0.000 Cache: 629s/51MB
(Paused) AV: 00:00:02 / 00:51:30 (0%) A-V:  0.000 Cache: 631s/51MB
(Paused) AV: 00:00:02 / 00:51:30 (0%) A-V:  0.000 Cache: 633s/51MB
(Paused) AV: 00:00:02 / 00:51:30 (0%) A-V:  0.000 Cache: 634s/51MB
(Paused) AV: 00:00:02 / 00:51:30 (0%) A-V:  0.000 Cache: 644s/52MB
(Paused) AV: 00:00:02 / 00:51:30 (0%) A-V:  0.000 Cache: 647s/52MB
(Paused) AV: 00:00:02 / 00:51:30 (0%) A-V:  0.000 Cache: 650s/53MB
(Paused) AV: 00:00:02 / 00:51:30 (0%) A-V:  0.000 Cache: 652s/53MB
(Paused) AV: 00:00:02 / 00:51:30 (0%) A-V:  0.000 Cache: 653s/53MB
(Paused) AV: 00:00:02 / 00:51:30 (0%) A-V:  0.000 Cache: 655s/53MB
(Paused) AV: 00:00:02 / 00:51:30 (0%) A-V:  0.000 Cache: 663s/54MB
(Paused) AV: 00:00:02 / 00:51:30 (0%) A-V:  0.000 Cache: 664s/54MB
(Paused) AV: 00:00:02 / 00:51:30 (0%) A-V:  0.000 Cache: 665s/54MB
(Paused) AV: 00:00:02 / 00:51:30 (0%) A-V:  0.000 Cache: 670s/55MB
(Paused) AV: 00:00:02 / 00:51:30 (0%) A-V:  0.000 Cache: 672s/55MB
(Paused) AV: 00:00:02 / 00:51:30 (0%) A-V:  0.000 Cache: 676s/55MB
(Paused) AV: 00:00:02 / 00:51:30 (0%) A-V:  0.000 Cache: 684s/56MB
(Paused) AV: 00:00:02 / 00:51:30 (0%) A-V:  0.000 Cache: 686s/57MB
(Paused) AV: 00:00:02 / 00:51:30 (0%) A-V:  0.000 Cache: 691s/57MB
(Paused) AV: 00:00:02 / 00:51:30 (0%) A-V:  0.000 Cache: 692s/57MB
(Paused) AV: 00:00:02 / 00:51:30 (0%) A-V:  0.000 Cache: 696s/57MB
(Paused) AV: 00:00:02 / 00:51:30 (0%) A-V:  0.000 Cache: 699s/58MB
(Paused) AV: 00:00:02 / 00:51:30 (0%) A-V:  0.000 Cache: 700s/58MB
(Paused) AV: 00:00:02 / 00:51:30 (0%) A-V:  0.000 Cache: 709s/59MB
(Paused) AV: 00:00:02 / 00:51:30 (0%) A-V:  0.000 Cache: 711s/59MB
(Paused) AV: 00:00:02 / 00:51:30 (0%) A-V:  0.000 Cache: 713s/59MB
(Paused) AV: 00:00:02 / 00:51:30 (0%) A-V:  0.000 Cache: 721s/60MB
(Paused) AV: 00:00:02 / 00:51:30 (0%) A-V:  0.000 Cache: 723s/60MB
(Paused) AV: 00:00:02 / 00:51:30 (0%) A-V:  0.000 Cache: 726s/61MB
(Paused) AV: 00:00:02 / 00:51:30 (0%) A-V:  0.000 Cache: 727s/61MB
(Paused) AV: 00:00:02 / 00:51:30 (0%) A-V:  0.000 Cache: 729s/61MB
(Paused) AV: 00:00:02 / 00:51:30 (0%) A-V:  0.000 Cache: 732s/61MB
(Paused) AV: 00:00:02 / 00:51:30 (0%) A-V:  0.000 Cache: 743s/62MB
(Paused) AV: 00:00:02 / 00:51:30 (0%) A-V:  0.000 Cache: 745s/62MB
(Paused) AV: 00:00:02 / 00:51:30 (0%) A-V:  0.000 Cache: 748s/62MB
(Paused) AV: 00:00:02 / 00:51:30 (0%) A-V:  0.000 Cache: 751s/63MB
(Paused) AV: 00:00:02 / 00:51:30 (0%) A-V:  0.000 Cache: 752s/63MB
(Paused) AV: 00:00:02 / 00:51:30 (0%) A-V:  0.000 Cache: 758s/63MB
(Paused) AV: 00:00:02 / 00:51:30 (0%) A-V:  0.000 Cache: 761s/64MB
(Paused) AV: 00:00:02 / 00:51:30 (0%) A-V:  0.000 Cache: 762s/64MB
(Paused) AV: 00:00:02 / 00:51:30 (0%) A-V:  0.000 Cache: 763s/64MB
(Paused) AV: 00:00:02 / 00:51:30 (0%) A-V:  0.000 Cache: 765s/64MB
(Paused) AV: 00:00:02 / 00:51:30 (0%) A-V:  0.000 Cache: 768s/64MB
(Paused) AV: 00:00:02 / 00:51:30 (0%) A-V:  0.000 Cache: 777s/65MB
(Paused) AV: 00:00:02 / 00:51:30 (0%) A-V:  0.000 Cache: 780s/65MB
(Paused) AV: 00:00:02 / 00:51:30 (0%) A-V:  0.000 Cache: 781s/66MB
(Paused) AV: 00:00:02 / 00:51:30 (0%) A-V:  0.000 Cache: 782s/66MB
(Paused) AV: 00:00:02 / 00:51:30 (0%) A-V:  0.000 Cache: 784s/66MB
(Paused) AV: 00:00:02 / 00:51:30 (0%) A-V:  0.000 Cache: 787s/66MB
(Paused) AV: 00:00:02 / 00:51:30 (0%) A-V:  0.000 Cache: 791s/66MB
(Paused) AV: 00:00:02 / 00:51:30 (0%) A-V:  0.000 Cache: 793s/67MB
(Paused) AV: 00:00:02 / 00:51:30 (0%) A-V:  0.000 Cache: 801s/67MB
(Paused) AV: 00:00:02 / 00:51:30 (0%) A-V:  0.000 Cache: 804s/67MB
(Paused) AV: 00:00:02 / 00:51:30 (0%) A-V:  0.000 Cache: 806s/68MB
(Paused) AV: 00:00:02 / 00:51:30 (0%) A-V:  0.000 Cache: 808s/68MB
(Paused) AV: 00:00:02 / 00:51:30 (0%) A-V:  0.000 Cache: 809s/68MB
(Paused) AV: 00:00:02 / 00:51:30 (0%) A-V:  0.000 Cache: 811s/68MB
(Paused) AV: 00:00:02 / 00:51:30 (0%) A-V:  0.000 Cache: 812s/68MB
(Paused) AV: 00:00:02 / 00:51:30 (0%) A-V:  0.000 Cache: 822s/69MB
(Paused) AV: 00:00:02 / 00:51:30 (0%) A-V:  0.000 Cache: 824s/69MB
(Paused) AV: 00:00:02 / 00:51:30 (0%) A-V:  0.000 Cache: 826s/69MB
(Paused) AV: 00:00:02 / 00:51:30 (0%) A-V:  0.000 Cache: 828s/70MB
(Paused) AV: 00:00:02 / 00:51:30 (0%) A-V:  0.000 Cache: 838s/70MB
(Paused) AV: 00:00:02 / 00:51:30 (0%) A-V:  0.000 Cache: 840s/71MB
(Paused) AV: 00:00:02 / 00:51:30 (0%) A-V:  0.000 Cache: 845s/71MB
(Paused) AV: 00:00:02 / 00:51:30 (0%) A-V:  0.000 Cache: 847s/71MB
(Paused) AV: 00:00:02 / 00:51:30 (0%) A-V:  0.000 Cache: 848s/71MB
(Paused) AV: 00:00:02 / 00:51:30 (0%) A-V:  0.000 Cache: 855s/72MB
(Paused) AV: 00:00:02 / 00:51:30 (0%) A-V:  0.000 Cache: 858s/72MB
(Paused) AV: 00:00:02 / 00:51:30 (0%) A-V:  0.000 Cache: 859s/72MB
(Paused) AV: 00:00:02 / 00:51:30 (0%) A-V:  0.000 Cache: 868s/73MB
(Paused) AV: 00:00:02 / 00:51:30 (0%) A-V:  0.000 Cache: 873s/74MB
(Paused) AV: 00:00:02 / 00:51:30 (0%) A-V:  0.000 Cache: 877s/74MB
(Paused) AV: 00:00:02 / 00:51:30 (0%) A-V:  0.000 Cache: 879s/74MB
(Paused) AV: 00:00:02 / 00:51:30 (0%) A-V:  0.000 Cache: 884s/74MB
(Paused) AV: 00:00:02 / 00:51:30 (0%) A-V:  0.000 Cache: 885s/74MB
(Paused) AV: 00:00:02 / 00:51:30 (0%) A-V:  0.000 Cache: 886s/75MB
(Paused) AV: 00:00:02 / 00:51:30 (0%) A-V:  0.000 Cache: 887s/75MB
(Paused) AV: 00:00:02 / 00:51:30 (0%) A-V:  0.000 Cache: 888s/75MB
(Paused) AV: 00:00:02 / 00:51:30 (0%) A-V:  0.000 Cache: 889s/75MB
(Paused) AV: 00:00:02 / 00:51:30 (0%) A-V:  0.000 Cache: 890s/75MB
(Paused) AV: 00:00:02 / 00:51:30 (0%) A-V:  0.000 Cache: 899s/76MB
(Paused) AV: 00:00:02 / 00:51:30 (0%) A-V:  0.000 Cache: 904s/76MB
(Paused) AV: 00:00:02 / 00:51:30 (0%) A-V:  0.000 Cache: 907s/76MB
(Paused) AV: 00:00:02 / 00:51:30 (0%) A-V:  0.000 Cache: 909s/76MB
(Paused) AV: 00:00:02 / 00:51:30 (0%) A-V:  0.000 Cache: 916s/77MB
(Paused) AV: 00:00:02 / 00:51:30 (0%) A-V:  0.000 Cache: 921s/77MB
(Paused) AV: 00:00:02 / 00:51:30 (0%) A-V:  0.000 Cache: 923s/78MB
(Paused) AV: 00:00:02 / 00:51:30 (0%) A-V:  0.000 Cache: 924s/78MB
(Paused) AV: 00:00:02 / 00:51:30 (0%) A-V:  0.000 Cache: 925s/78MB
(Paused) AV: 00:00:02 / 00:51:30 (0%) A-V:  0.000 Cache: 932s/78MB
(Paused) AV: 00:00:02 / 00:51:30 (0%) A-V:  0.000 Cache: 933s/79MB
(Paused) AV: 00:00:02 / 00:51:30 (0%) A-V:  0.000 Cache: 934s/79MB
(Paused) AV: 00:00:02 / 00:51:30 (0%) A-V:  0.000 Cache: 938s/79MB
(Paused) AV: 00:00:02 / 00:51:30 (0%) A-V:  0.000 Cache: 939s/79MB
(Paused) AV: 00:00:02 / 00:51:30 (0%) A-V:  0.000 Cache: 942s/79MB
(Paused) AV: 00:00:02 / 00:51:30 (0%) A-V:  0.000 Cache: 943s/79MB
(Paused) AV: 00:00:02 / 00:51:30 (0%) A-V:  0.000 Cache: 946s/79MB
(Paused) AV: 00:00:02 / 00:51:30 (0%) A-V:  0.000 Cache: 949s/80MB
(Paused) AV: 00:00:02 / 00:51:30 (0%) A-V:  0.000 Cache: 952s/80MB
(Paused) AV: 00:00:02 / 00:51:30 (0%) A-V:  0.000 Cache: 959s/81MB
(Paused) AV: 00:00:02 / 00:51:30 (0%) A-V:  0.000 Cache: 962s/81MB
(Paused) AV: 00:00:02 / 00:51:30 (0%) A-V:  0.000 Cache: 964s/81MB
(Paused) AV: 00:00:02 / 00:51:30 (0%) A-V:  0.000 Cache: 966s/81MB
(Paused) AV: 00:00:02 / 00:51:30 (0%) A-V:  0.000 Cache: 968s/81MB
(Paused) AV: 00:00:02 / 00:51:30 (0%) A-V:  0.000 Cache: 970s/82MB
(Paused) AV: 00:00:02 / 00:51:30 (0%) A-V:  0.000 Cache: 980s/82MB
(Paused) AV: 00:00:02 / 00:51:30 (0%) A-V:  0.000 Cache: 983s/83MB
(Paused) AV: 00:00:02 / 00:51:30 (0%) A-V:  0.000 Cache: 985s/83MB
(Paused) AV: 00:00:02 / 00:51:30 (0%) A-V:  0.000 Cache: 987s/83MB
(Paused) AV: 00:00:02 / 00:51:30 (0%) A-V:  0.000 Cache: 995s/84MB
(Paused) AV: 00:00:02 / 00:51:30 (0%) A-V:  0.000 Cache: 998s/84MB
(Paused) AV: 00:00:02 / 00:51:30 (0%) A-V:  0.000 Cache: 1001s/84MB
(Paused) AV: 00:00:02 / 00:51:30 (0%) A-V:  0.000 Cache: 1007s/85MB
(Paused) AV: 00:00:02 / 00:51:30 (0%) A-V:  0.000 Cache: 1010s/85MB
(Paused) AV: 00:00:02 / 00:51:30 (0%) A-V:  0.000 Cache: 1013s/85MB
(Paused) AV: 00:00:02 / 00:51:30 (0%) A-V:  0.000 Cache: 1016s/85MB
(Paused) AV: 00:00:02 / 00:51:30 (0%) A-V:  0.000 Cache: 1019s/86MB
(Paused) AV: 00:00:02 / 00:51:30 (0%) A-V:  0.000 Cache: 1028s/87MB
(Paused) AV: 00:00:02 / 00:51:30 (0%) A-V:  0.000 Cache: 1030s/87MB
(Paused) AV: 00:00:02 / 00:51:30 (0%) A-V:  0.000 Cache: 1036s/87MB
(Paused) AV: 00:00:02 / 00:51:30 (0%) A-V:  0.000 Cache: 1038s/87MB
(Paused) AV: 00:00:02 / 00:51:30 (0%) A-V:  0.000 Cache: 1047s/88MB
(Paused) AV: 00:00:02 / 00:51:30 (0%) A-V:  0.000 Cache: 1050s/88MB
(Paused) AV: 00:00:02 / 00:51:30 (0%) A-V:  0.000 Cache: 1054s/89MB
(Paused) AV: 00:00:02 / 00:51:30 (0%) A-V:  0.000 Cache: 1056s/89MB
(Paused) AV: 00:00:02 / 00:51:30 (0%) A-V:  0.000 Cache: 1059s/89MB
(Paused) AV: 00:00:02 / 00:51:30 (0%) A-V:  0.000 Cache: 1061s/89MB
(Paused) AV: 00:00:02 / 00:51:30 (0%) A-V:  0.000 Cache: 1068s/90MB
(Paused) AV: 00:00:02 / 00:51:30 (0%) A-V:  0.000 Cache: 1073s/90MB
(Paused) AV: 00:00:02 / 00:51:30 (0%) A-V:  0.000 Cache: 1076s/90MB
(Paused) AV: 00:00:02 / 00:51:30 (0%) A-V:  0.000 Cache: 1077s/90MB
(Paused) AV: 00:00:02 / 00:51:30 (0%) A-V:  0.000 Cache: 1079s/91MB
(Paused) AV: 00:00:02 / 00:51:30 (0%) A-V:  0.000 Cache: 1089s/91MB
(Paused) AV: 00:00:02 / 00:51:30 (0%) A-V:  0.000 Cache: 1093s/91MB
(Paused) AV: 00:00:02 / 00:51:30 (0%) A-V:  0.000 Cache: 1096s/92MB
(Paused) AV: 00:00:02 / 00:51:30 (0%) A-V:  0.000 Cache: 1105s/92MB
(Paused) AV: 00:00:02 / 00:51:30 (0%) A-V:  0.000 Cache: 1113s/93MB
(Paused) AV: 00:00:02 / 00:51:30 (0%) A-V:  0.000 Cache: 1116s/93MB
(Paused) AV: 00:00:02 / 00:51:30 (0%) A-V:  0.000 Cache: 1119s/93MB
(Paused) AV: 00:00:02 / 00:51:30 (0%) A-V:  0.000 Cache: 1131s/94MB
(Paused) AV: 00:00:02 / 00:51:30 (0%) A-V:  0.000 Cache: 1135s/94MB
(Paused) AV: 00:00:02 / 00:51:30 (0%) A-V:  0.000 Cache: 1138s/95MB
(Paused) AV: 00:00:02 / 00:51:30 (0%) A-V:  0.000 Cache: 1142s/95MB
(Paused) AV: 00:00:02 / 00:51:30 (0%) A-V:  0.000 Cache: 1143s/95MB
(Paused) AV: 00:00:02 / 00:51:30 (0%) A-V:  0.000 Cache: 1145s/95MB
(Paused) AV: 00:00:02 / 00:51:30 (0%) A-V:  0.000 Cache: 1160s/96MB
(Paused) AV: 00:00:02 / 00:51:30 (0%) A-V:  0.000 Cache: 1165s/97MB
(Paused) AV: 00:00:02 / 00:51:30 (0%) A-V:  0.000 Cache: 1167s/97MB
(Paused) AV: 00:00:02 / 00:51:30 (0%) A-V:  0.000 Cache: 1170s/97MB
(Paused) AV: 00:00:02 / 00:51:30 (0%) A-V:  0.000 Cache: 1173s/97MB
(Paused) AV: 00:00:02 / 00:51:30 (0%) A-V:  0.000 Cache: 1184s/98MB
(Paused) AV: 00:00:02 / 00:51:30 (0%) A-V:  0.000 Cache: 1188s/98MB
(Paused) AV: 00:00:02 / 00:51:30 (0%) A-V:  0.000 Cache: 1193s/99MB
(Paused) AV: 00:00:02 / 00:51:30 (0%) A-V:  0.000 Cache: 1197s/99MB
(Paused) AV: 00:00:02 / 00:51:30 (0%) A-V:  0.000 Cache: 1205s/100MB
(Paused) AV: 00:00:02 / 00:51:30 (0%) A-V:  0.000 Cache: 1207s/100MB
(Paused) AV: 00:00:02 / 00:51:30 (0%) A-V:  0.000 Cache: 1211s/100MB
(Paused) AV: 00:00:02 / 00:51:30 (0%) A-V:  0.000 Cache: 1213s/100MB
(Paused) AV: 00:00:02 / 00:51:30 (0%) A-V:  0.000 Cache: 1224s/101MB
(Paused) AV: 00:00:02 / 00:51:30 (0%) A-V:  0.000 Cache: 1229s/102MB
(Paused) AV: 00:00:02 / 00:51:30 (0%) A-V:  0.000 Cache: 1232s/102MB
(Paused) AV: 00:00:02 / 00:51:30 (0%) A-V:  0.000 Cache: 1234s/102MB
(Paused) AV: 00:00:02 / 00:51:30 (0%) A-V:  0.000 Cache: 1236s/102MB
(Paused) AV: 00:00:02 / 00:51:30 (0%) A-V:  0.000 Cache: 1240s/102MB
(Paused) AV: 00:00:02 / 00:51:30 (0%) A-V:  0.000 Cache: 1249s/103MB
(Paused) AV: 00:00:02 / 00:51:30 (0%) A-V:  0.000 Cache: 1252s/103MB
(Paused) AV: 00:00:02 / 00:51:30 (0%) A-V:  0.000 Cache: 1255s/103MB
(Paused) AV: 00:00:02 / 00:51:30 (0%) A-V:  0.000 Cache: 1257s/104MB
(Paused) AV: 00:00:02 / 00:51:30 (0%) A-V:  0.000 Cache: 1260s/104MB
(Paused) AV: 00:00:02 / 00:51:30 (0%) A-V:  0.000 Cache: 1270s/105MB
(Paused) AV: 00:00:02 / 00:51:30 (0%) A-V:  0.000 Cache: 1273s/105MB
(Paused) AV: 00:00:02 / 00:51:30 (0%) A-V:  0.000 Cache: 1276s/105MB
(Paused) AV: 00:00:02 / 00:51:30 (0%) A-V:  0.000 Cache: 1284s/106MB
(Paused) AV: 00:00:02 / 00:51:30 (0%) A-V:  0.000 Cache: 1287s/106MB
(Paused) AV: 00:00:02 / 00:51:30 (0%) A-V:  0.000 Cache: 1290s/106MB
(Paused) AV: 00:00:02 / 00:51:30 (0%) A-V:  0.000 Cache: 1301s/107MB
(Paused) AV: 00:00:02 / 00:51:30 (0%) A-V:  0.000 Cache: 1305s/107MB
(Paused) AV: 00:00:02 / 00:51:30 (0%) A-V:  0.000 Cache: 1309s/107MB
(Paused) AV: 00:00:02 / 00:51:30 (0%) A-V:  0.000 Cache: 1317s/108MB
(Paused) AV: 00:00:02 / 00:51:30 (0%) A-V:  0.000 Cache: 1326s/108MB
(Paused) AV: 00:00:02 / 00:51:30 (0%) A-V:  0.000 Cache: 1331s/109MB
(Paused) AV: 00:00:02 / 00:51:30 (0%) A-V:  0.000 Cache: 1335s/109MB
(Paused) AV: 00:00:02 / 00:51:30 (0%) A-V:  0.000 Cache: 1339s/109MB
(Paused) AV: 00:00:02 / 00:51:30 (0%) A-V:  0.000 Cache: 1341s/109MB
(Paused) AV: 00:00:02 / 00:51:30 (0%) A-V:  0.000 Cache: 1349s/110MB
(Paused) AV: 00:00:02 / 00:51:30 (0%) A-V:  0.000 Cache: 1354s/110MB
(Paused) AV: 00:00:02 / 00:51:30 (0%) A-V:  0.000 Cache: 1358s/111MB
Exiting... (Quit)
(Paused) AV: 00:00:02 / 00:51:30 (0%) A-V:  0.000 Cache: 1358s/111MB
Exiting... (Quit)
Exiting... (Quit)
Exiting... (Quit)
Exiting... (Quit)
[ffmpeg] tcp: Failed to resolve hostname streamtape.com: Name or service not known
Exiting... (Quit)
Exiting... (Quit)
[ffmpeg/demuxer] hls: Error when loading first segment 'https://di9kj1tdx6.sw-cdnstream.com/hls2/01/00960/atorqnptajkx_o/seg-1-v1-a1.ts?t=OUIulbO-N9yMXZCgTDazKU-mu8N5gYNMdzv-kWzMXbI&s=1702765722&e=129600&f=4801641&srv=hknjjpa9dr8z&i=0.4&sp=500&p1=hknjjpa9dr8z&p2=hknjjpa9dr8z&asn=61461'
[lavf] avformat_open_input() failed
[lavf] Leaking 1 nested connections (FFmpeg bug).
Exiting... (Quit)
Exiting... (Quit)
Exiting... (Quit)
[ffmpeg] tcp: Failed to resolve hostname streamtape.com: Name or service not known
Failed to open https://streamtape.com/e/Awxo7zypmztXJme.
[ytdl_hook] ERROR: [generic] Unable to download webpage: [Errno -2] Name or service not known (caused by TransportError('[Errno -2] Name or service not known')) 
[ytdl_hook] youtube-dl failed: unexpected error occurred 
Exiting... (Errors when loading file)
[ytdl_hook]  
[ytdl_hook] youtube-dl failed: unexpected error occurred 
Failed to recognize file format.
Exiting... (Errors when loading file)
[ffmpeg] http: HTTP error 404 
Failed to open http://ok.ru/videoembed/1524694846054 https://vidlox.me/embed-msqe05e1t3qk https://www.mp4upload.com/embed-mn83ixfldqxy.html https://www.yourupload.com/embed/UJ4k7jB08BrU https://drive.google.com/file/d/1IvvRUfs0Mb74JcsM8NToUHRiaXBnNorU/preview https://sendvid.com/ta70ijy7.
Exiting... (Quit)
[ffmpeg] http: HTTP error 404 
Failed to open http://ok.ru/videoembed/1524694846054 https://vidlox.me/embed-msqe05e1t3qk https://www.mp4upload.com/embed-mn83ixfldqxy.html https://www.yourupload.com/embed/UJ4k7jB08BrU https://drive.google.com/file/d/1IvvRUfs0Mb74JcsM8NToUHRiaXBnNorU/preview https://sendvid.com/ta70ijy7.
Exiting... (Quit)
[ffmpeg] http: HTTP error 404 
Failed to open http://ok.ru/videoembed/1524694846054 https://vidlox.me/embed-msqe05e1t3qk https://www.mp4upload.com/embed-mn83ixfldqxy.html https://www.yourupload.com/embed/UJ4k7jB08BrU https://drive.google.com/file/d/1IvvRUfs0Mb74JcsM8NToUHRiaXBnNorU/preview https://sendvid.com/ta70ijy7.
Exiting... (Quit)
Exiting... (Quit)
[ytdl_hook] ERROR: [Odnoklassniki] 1524694846054: The video has been blocked at the copyright owner's request. 
[ytdl_hook] youtube-dl failed: unexpected error occurred 
Failed to recognize file format.
Exiting... (Errors when loading file)
